<?xml version="1.0" encoding="UTF-8"?>
<testng-results ignored="0" total="2" passed="2" failed="0" skipped="0">
  <reporter-output>
  </reporter-output>
  <suite started-at="2022-09-19T17:47:34 IST" name="Default suite" finished-at="2022-09-19T17:47:58 IST" duration-ms="23982">
    <groups>
    </groups>
    <test started-at="2022-09-19T17:47:34 IST" name="Default test" finished-at="2022-09-19T17:47:58 IST" duration-ms="23982">
      <class name="test.VerifyRoomsPageButton">
        <test-method is-config="true" signature="beforeClass()[pri:0, instance:test.VerifyRoomsPageButton@32eff876]" started-at="2022-09-19T17:47:34 IST" name="beforeClass" finished-at="2022-09-19T17:47:39 IST" duration-ms="4799" status="PASS">
          <reporter-output>
          </reporter-output>
        </test-method> <!-- beforeClass -->
        <test-method is-config="true" signature="beforeMethod()[pri:0, instance:test.VerifyRoomsPageButton@32eff876]" started-at="2022-09-19T17:47:39 IST" name="beforeMethod" finished-at="2022-09-19T17:47:47 IST" duration-ms="8158" status="PASS">
          <reporter-output>
          </reporter-output>
        </test-method> <!-- beforeMethod -->
        <test-method signature="test1()[pri:0, instance:test.VerifyRoomsPageButton@32eff876]" started-at="2022-09-19T17:47:47 IST" name="test1" finished-at="2022-09-19T17:47:51 IST" duration-ms="3856" status="PASS">
          <reporter-output>
          </reporter-output>
        </test-method> <!-- test1 -->
        <test-method is-config="true" signature="beforeMethod()[pri:0, instance:test.VerifyRoomsPageButton@32eff876]" started-at="2022-09-19T17:47:51 IST" name="beforeMethod" finished-at="2022-09-19T17:47:57 IST" duration-ms="5724" status="PASS">
          <reporter-output>
          </reporter-output>
        </test-method> <!-- beforeMethod -->
        <test-method signature="test2()[pri:0, instance:test.VerifyRoomsPageButton@32eff876]" started-at="2022-09-19T17:47:57 IST" name="test2" finished-at="2022-09-19T17:47:58 IST" duration-ms="1339" status="PASS">
          <reporter-output>
          </reporter-output>
        </test-method> <!-- test2 -->
      </class> <!-- test.VerifyRoomsPageButton -->
    </test> <!-- Default test -->
  </suite> <!-- Default suite -->
</testng-results>
